<?xml version="1.0" encoding="UTF-8"?>
<!-- Generated by org.testng.reporters.JUnitReportReporter -->
<testsuite hostname="DESKTOP-GD0S75V" failures="0" tests="1" name="com.webapptestproject.testcases.CartPageTest" time="19.133" errors="0" timestamp="2022-10-26T20:29:58 GMT-07:00" skipped="0">
  <testcase classname="com.webapptestproject.testcases.CartPageTest" name="addToCartTest" time="19.133"/>
  <system-out/>
</testsuite> <!-- com.webapptestproject.testcases.CartPageTest -->
