<?xml version="1.0" encoding="UTF-8"?>
<!-- Generated by org.testng.reporters.JUnitReportReporter -->
<testsuite hostname="DESKTOP-GD0S75V" failures="0" tests="2" name="com.webapptestproject.testcases.IndexPageTest" time="14.561" errors="0" timestamp="2022-10-26T20:29:58 GMT-07:00" skipped="0">
  <testcase classname="com.webapptestproject.testcases.IndexPageTest" name="validateLogo" time="6.993"/>
  <system-out/>
  <testcase classname="com.webapptestproject.testcases.IndexPageTest" name="validateTitle" time="7.568"/>
  <system-out/>
</testsuite> <!-- com.webapptestproject.testcases.IndexPageTest -->
