<?xml version="1.0" encoding="UTF-8"?>
<!-- Generated by org.testng.reporters.JUnitReportReporter -->
<testsuite hostname="DESKTOP-GD0S75V" failures="0" tests="4" name="com.webapptestproject.testcases.HomePageTest" time="120.321" errors="0" timestamp="2022-10-26T20:29:58 GMT-07:00" skipped="0">
  <testcase classname="com.webapptestproject.testcases.HomePageTest" name="orderHistoryTest" time="20.486"/>
  <system-out/>
  <testcase classname="com.webapptestproject.testcases.HomePageTest" name="currentUrlTest" time="21.155"/>
  <system-out/>
  <testcase classname="com.webapptestproject.testcases.HomePageTest" name="personalInformationTest" time="50.667"/>
  <system-out/>
  <testcase classname="com.webapptestproject.testcases.HomePageTest" name="wishlistTest" time="28.013"/>
  <system-out/>
</testsuite> <!-- com.webapptestproject.testcases.HomePageTest -->
