<?xml version="1.0" encoding="UTF-8"?>
<!-- Generated by org.testng.reporters.JUnitReportReporter -->
<testsuite hostname="DESKTOP-GD0S75V" failures="0" tests="2" name="com.webapptestproject.testcases.CreateAccountPageTest" time="0.000" errors="0" timestamp="2022-10-26T20:29:58 GMT-07:00" skipped="2">
  <testcase classname="com.webapptestproject.testcases.CreateAccountPageTest" name="createAccount" time="0.000">
    <skipped/>
  </testcase> <!-- createAccount -->
  <system-out/>
  <testcase classname="com.webapptestproject.testcases.CreateAccountPageTest" name="verifyAccountPageTest" time="0.000">
    <skipped/>
  </testcase> <!-- verifyAccountPageTest -->
  <system-out/>
</testsuite> <!-- com.webapptestproject.testcases.CreateAccountPageTest -->
