<?xml version="1.0" encoding="UTF-8"?>
<!-- Generated by org.testng.reporters.JUnitReportReporter -->
<testsuite hostname="DESKTOP-GD0S75V" failures="0" tests="1" name="com.webapptestproject.testcases.CreatAccountPageTest" time="19.740" errors="0" timestamp="2022-10-24T16:32:54 GMT-07:00" skipped="0">
  <testcase classname="com.webapptestproject.testcases.CreatAccountPageTest" name="currentPageTest" time="19.740"/>
  <system-out/>
</testsuite> <!-- com.webapptestproject.testcases.CreatAccountPageTest -->
